<?xml version="1.0" encoding="UTF-8"?>
<!-- Generated by org.testng.reporters.JUnitReportReporter -->
<testsuite hostname="LAPTOP-OSND8UF5" failures="0" tests="1" name="TestClasses.VerifyUserCanRemoverProductsFromCart" time="0.007" errors="0" timestamp="2022-07-05T22:53:11 IST" skipped="0">
  <testcase classname="TestClasses.VerifyUserCanRemoverProductsFromCart" name="test1" time="0.007"/>
  <system-out/>
</testsuite> <!-- TestClasses.VerifyUserCanRemoverProductsFromCart -->
